#
# There is insufficient memory for the Java Runtime Environment to continue.
# Native memory allocation (malloc) failed to allocate 1459056 bytes. Error detail: Chunk::new
# Possible reasons:
#   The system is out of physical RAM or swap space
#   This process is running with CompressedOops enabled, and the Java Heap may be blocking the growth of the native heap
# Possible solutions:
#   Reduce memory load on the system
#   Increase physical memory or swap space
#   Check if swap backing store is full
#   Decrease Java heap size (-Xmx/-Xms)
#   Decrease number of Java threads
#   Decrease Java thread stack sizes (-Xss)
#   Set larger code cache with -XX:ReservedCodeCacheSize=
#   JVM is running with Unscaled Compressed Oops mode in which the Java heap is
#     placed in the first 4GB address space. The Java Heap base address is the
#     maximum limit for the native heap growth. Please use -XX:HeapBaseMinAddress
#     to set the Java Heap base and to place the Java Heap above 4GB virtual address.
# This output file may be truncated or incomplete.
#
#  Out of Memory Error (arena.cpp:168), pid=30080, tid=11104
#
# JRE version: OpenJDK Runtime Environment Temurin-21.0.8+9 (21.0.8+9) (build 21.0.8+9-LTS)
# Java VM: OpenJDK 64-Bit Server VM Temurin-21.0.8+9 (21.0.8+9-LTS, mixed mode, sharing, tiered, compressed oops, compressed class ptrs, parallel gc, windows-amd64)
# No core dump will be written. Minidumps are not enabled by default on client versions of Windows
#

---------------  S U M M A R Y ------------

Command Line: --add-modules=ALL-SYSTEM --add-opens=java.base/java.util=ALL-UNNAMED --add-opens=java.base/java.lang=ALL-UNNAMED --add-opens=java.base/sun.nio.fs=ALL-UNNAMED -Declipse.application=org.eclipse.jdt.ls.core.id1 -Dosgi.bundles.defaultStartLevel=4 -Declipse.product=org.eclipse.jdt.ls.core.product -Djava.import.generatesMetadataFilesAtProjectRoot=false -DDetectVMInstallationsJob.disabled=true -Dfile.encoding=utf8 -XX:+UseParallelGC -XX:GCTimeRatio=4 -XX:AdaptiveSizePolicyWeight=90 -Dsun.zip.disableMemoryMapping=true -Xmx2G -Xms100m -Xlog:disable -javaagent:c:\Users\Jency\.vscode\extensions\redhat.java-1.47.0-win32-x64\lombok\lombok-1.18.39-4050.jar -XX:+HeapDumpOnOutOfMemoryError -XX:HeapDumpPath=c:\Users\Jency\AppData\Roaming\Code\User\workspaceStorage\8c1a94fcaf802a516f87ac2ad1aebeee\redhat.java -Daether.dependencyCollector.impl=bf c:\Users\Jency\.vscode\extensions\redhat.java-1.47.0-win32-x64\server\plugins\org.eclipse.equinox.launcher_1.7.100.v20251014-1222.jar -configuration c:\Users\Jency\AppData\Roaming\Code\User\globalStorage\redhat.java\1.47.0\config_win -data c:\Users\Jency\AppData\Roaming\Code\User\workspaceStorage\8c1a94fcaf802a516f87ac2ad1aebeee\redhat.java\jdt_ws --pipe=\\.\pipe\lsp-11a1d9bdc3ac9745750fba41e74701b8-sock

Host: 12th Gen Intel(R) Core(TM) i5-1235U, 12 cores, 7G,  Windows 11 , 64 bit Build 26100 (10.0.26100.7019)
Time: Sat Nov  8 22:36:37 2025 India Standard Time elapsed time: 40.104861 seconds (0d 0h 0m 40s)

---------------  T H R E A D  ---------------

Current thread (0x000001b7657a3450):  JavaThread "C2 CompilerThread1" daemon [_thread_in_native, id=11104, stack(0x0000006d5b800000,0x0000006d5b900000) (1024K)]


Current CompileTask:
C2:40105 7729       4       org.eclipse.jdt.internal.compiler.lookup.BinaryTypeBinding::createMethod (1666 bytes)

Stack: [0x0000006d5b800000,0x0000006d5b900000]
Native frames: (J=compiled Java code, j=interpreted, Vv=VM code, C=native code)
V  [jvm.dll+0x6d2449]
V  [jvm.dll+0x8ae341]
V  [jvm.dll+0x8b08be]
V  [jvm.dll+0x8b0fa3]
V  [jvm.dll+0x280c96]
V  [jvm.dll+0xc581d]
V  [jvm.dll+0xc5d53]
V  [jvm.dll+0x3b9162]
V  [jvm.dll+0x1e1409]
V  [jvm.dll+0x249022]
V  [jvm.dll+0x2484af]
V  [jvm.dll+0x1c89ee]
V  [jvm.dll+0x257d4d]
V  [jvm.dll+0x2562ea]
V  [jvm.dll+0x3f2d16]
V  [jvm.dll+0x857e6b]
V  [jvm.dll+0x6d0b0d]
C  [ucrtbase.dll+0x37b0]
C  [KERNEL32.DLL+0x2e8d7]
C  [ntdll.dll+0x8c53c]


---------------  P R O C E S S  ---------------

Threads class SMR info:
_java_thread_list=0x000001b766c62c50, length=55, elements={
0x000001b745909900, 0x000001b7606c44b0, 0x000001b7606c53c0, 0x000001b7606cc4b0,
0x000001b7606cd380, 0x000001b7606cf490, 0x000001b7606dc130, 0x000001b7606e15b0,
0x000001b7606e2bb0, 0x000001b7607bfaf0, 0x000001b760a0b2f0, 0x000001b76533a8f0,
0x000001b765163c20, 0x000001b7607aa950, 0x000001b7654362d0, 0x000001b765c87940,
0x000001b765ac0d80, 0x000001b7609a68a0, 0x000001b7609a82e0, 0x000001b7609a8970,
0x000001b7609a6210, 0x000001b7609a54f0, 0x000001b7609a6f30, 0x000001b7609a75c0,
0x000001b7609a7c50, 0x000001b765c3d120, 0x000001b765c3f1f0, 0x000001b765c3d7b0,
0x000001b765c3de40, 0x000001b765c3f880, 0x000001b765c3ff10, 0x000001b765c3ca90,
0x000001b765c405a0, 0x000001b765c40c30, 0x000001b765c3e4d0, 0x000001b765c412c0,
0x000001b765c41fe0, 0x000001b765c41950, 0x000001b765c3eb60, 0x000001b765c42670,
0x000001b765c43390, 0x000001b765c42d00, 0x000001b765c43a20, 0x000001b765c440b0,
0x000001b7657a3450, 0x000001b7657a41f0, 0x000001b7697869c0, 0x000001b769788400,
0x000001b769787050, 0x000001b769787d70, 0x000001b7697876e0, 0x000001b769784f80,
0x000001b769789120, 0x000001b76978b880, 0x000001b76978b1f0
}

Java Threads: ( => current thread )
  0x000001b745909900 JavaThread "main"                              [_thread_blocked, id=33044, stack(0x0000006d59700000,0x0000006d59800000) (1024K)]
  0x000001b7606c44b0 JavaThread "Reference Handler"          daemon [_thread_blocked, id=20440, stack(0x0000006d59b00000,0x0000006d59c00000) (1024K)]
  0x000001b7606c53c0 JavaThread "Finalizer"                  daemon [_thread_blocked, id=37228, stack(0x0000006d59c00000,0x0000006d59d00000) (1024K)]
  0x000001b7606cc4b0 JavaThread "Signal Dispatcher"          daemon [_thread_blocked, id=37816, stack(0x0000006d59d00000,0x0000006d59e00000) (1024K)]
  0x000001b7606cd380 JavaThread "Attach Listener"            daemon [_thread_blocked, id=30216, stack(0x0000006d59e00000,0x0000006d59f00000) (1024K)]
  0x000001b7606cf490 JavaThread "Service Thread"             daemon [_thread_blocked, id=200, stack(0x0000006d59f00000,0x0000006d5a000000) (1024K)]
  0x000001b7606dc130 JavaThread "Monitor Deflation Thread"   daemon [_thread_blocked, id=38320, stack(0x0000006d5a000000,0x0000006d5a100000) (1024K)]
  0x000001b7606e15b0 JavaThread "C2 CompilerThread0"         daemon [_thread_in_native, id=35188, stack(0x0000006d5a100000,0x0000006d5a200000) (1024K)]
  0x000001b7606e2bb0 JavaThread "C1 CompilerThread0"         daemon [_thread_in_vm, id=15816, stack(0x0000006d5a200000,0x0000006d5a300000) (1024K)]
  0x000001b7607bfaf0 JavaThread "Common-Cleaner"             daemon [_thread_blocked, id=39392, stack(0x0000006d5a300000,0x0000006d5a400000) (1024K)]
  0x000001b760a0b2f0 JavaThread "Notification Thread"        daemon [_thread_blocked, id=3524, stack(0x0000006d5a400000,0x0000006d5a500000) (1024K)]
  0x000001b76533a8f0 JavaThread "Active Thread: Equinox Container: 760a967e-a28e-4d2f-9379-91223f244302"        [_thread_blocked, id=33520, stack(0x0000006d5ab00000,0x0000006d5ac00000) (1024K)]
  0x000001b765163c20 JavaThread "Refresh Thread: Equinox Container: 760a967e-a28e-4d2f-9379-91223f244302" daemon [_thread_blocked, id=3200, stack(0x0000006d5ad00000,0x0000006d5ae00000) (1024K)]
  0x000001b7607aa950 JavaThread "Framework Event Dispatcher: Equinox Container: 760a967e-a28e-4d2f-9379-91223f244302" daemon [_thread_blocked, id=9940, stack(0x0000006d5ae00000,0x0000006d5af00000) (1024K)]
  0x000001b7654362d0 JavaThread "Start Level: Equinox Container: 760a967e-a28e-4d2f-9379-91223f244302" daemon [_thread_blocked, id=39684, stack(0x0000006d5af00000,0x0000006d5b000000) (1024K)]
  0x000001b765c87940 JavaThread "Bundle File Closer"         daemon [_thread_blocked, id=39004, stack(0x0000006d5b200000,0x0000006d5b300000) (1024K)]
  0x000001b765ac0d80 JavaThread "SCR Component Actor"        daemon [_thread_blocked, id=32780, stack(0x0000006d5b300000,0x0000006d5b400000) (1024K)]
  0x000001b7609a68a0 JavaThread "Worker-JM"                         [_thread_blocked, id=1696, stack(0x0000006d5b600000,0x0000006d5b700000) (1024K)]
  0x000001b7609a82e0 JavaThread "JNA Cleaner"                daemon [_thread_blocked, id=15972, stack(0x0000006d5b400000,0x0000006d5b500000) (1024K)]
  0x000001b7609a8970 JavaThread "Worker-0"                          [_thread_blocked, id=38260, stack(0x0000006d5b500000,0x0000006d5b600000) (1024K)]
  0x000001b7609a6210 JavaThread "Worker-1"                          [_thread_blocked, id=32516, stack(0x0000006d5b700000,0x0000006d5b800000) (1024K)]
  0x000001b7609a54f0 JavaThread "Java indexing"              daemon [_thread_blocked, id=2776, stack(0x0000006d59400000,0x0000006d59500000) (1024K)]
  0x000001b7609a6f30 JavaThread "Worker-2: Initialize workspace"        [_thread_in_native, id=33784, stack(0x0000006d5bb00000,0x0000006d5bc00000) (1024K)]
  0x000001b7609a75c0 JavaThread "Worker-3"                          [_thread_blocked, id=39156, stack(0x0000006d5bc00000,0x0000006d5bd00000) (1024K)]
  0x000001b7609a7c50 JavaThread "Thread-1"                   daemon [_thread_in_native, id=11224, stack(0x0000006d5bd00000,0x0000006d5be00000) (1024K)]
  0x000001b765c3d120 JavaThread "Thread-2"                   daemon [_thread_in_native, id=21328, stack(0x0000006d5be00000,0x0000006d5bf00000) (1024K)]
  0x000001b765c3f1f0 JavaThread "Thread-3"                   daemon [_thread_in_native, id=22184, stack(0x0000006d5bf00000,0x0000006d5c000000) (1024K)]
  0x000001b765c3d7b0 JavaThread "Thread-4"                   daemon [_thread_in_native, id=16464, stack(0x0000006d5c000000,0x0000006d5c100000) (1024K)]
  0x000001b765c3de40 JavaThread "Thread-5"                   daemon [_thread_in_native, id=38944, stack(0x0000006d5c100000,0x0000006d5c200000) (1024K)]
  0x000001b765c3f880 JavaThread "Thread-6"                   daemon [_thread_in_native, id=5500, stack(0x0000006d5c200000,0x0000006d5c300000) (1024K)]
  0x000001b765c3ff10 JavaThread "Thread-7"                   daemon [_thread_in_native, id=39128, stack(0x0000006d5c300000,0x0000006d5c400000) (1024K)]
  0x000001b765c3ca90 JavaThread "Thread-8"                   daemon [_thread_in_native, id=16456, stack(0x0000006d5c400000,0x0000006d5c500000) (1024K)]
  0x000001b765c405a0 JavaThread "Thread-9"                   daemon [_thread_in_native, id=39832, stack(0x0000006d5c500000,0x0000006d5c600000) (1024K)]
  0x000001b765c40c30 JavaThread "Thread-10"                  daemon [_thread_in_native, id=3552, stack(0x0000006d5c600000,0x0000006d5c700000) (1024K)]
  0x000001b765c3e4d0 JavaThread "Thread-11"                  daemon [_thread_in_native, id=6456, stack(0x0000006d5c700000,0x0000006d5c800000) (1024K)]
  0x000001b765c412c0 JavaThread "Thread-12"                  daemon [_thread_in_native, id=15760, stack(0x0000006d5c800000,0x0000006d5c900000) (1024K)]
  0x000001b765c41fe0 JavaThread "Thread-13"                  daemon [_thread_in_native, id=20304, stack(0x0000006d5c900000,0x0000006d5ca00000) (1024K)]
  0x000001b765c41950 JavaThread "Worker-4: Publish Diagnostics"        [_thread_in_vm, id=18652, stack(0x0000006d5ca00000,0x0000006d5cb00000) (1024K)]
  0x000001b765c3eb60 JavaThread "pool-2-thread-1"                   [_thread_blocked, id=39468, stack(0x0000006d5cb00000,0x0000006d5cc00000) (1024K)]
  0x000001b765c42670 JavaThread "WorkspaceEventsHandler"            [_thread_blocked, id=28608, stack(0x0000006d5cd00000,0x0000006d5ce00000) (1024K)]
  0x000001b765c43390 JavaThread "pool-1-thread-1"                   [_thread_blocked, id=15300, stack(0x0000006d5ce00000,0x0000006d5cf00000) (1024K)]
  0x000001b765c42d00 JavaThread "ForkJoinPool.commonPool-worker-1" daemon [_thread_blocked, id=31624, stack(0x0000006d5cf00000,0x0000006d5d000000) (1024K)]
  0x000001b765c43a20 JavaThread "ForkJoinPool.commonPool-worker-2" daemon [_thread_blocked, id=35824, stack(0x0000006d5d000000,0x0000006d5d100000) (1024K)]
  0x000001b765c440b0 JavaThread "ForkJoinPool.commonPool-worker-3" daemon [_thread_blocked, id=27060, stack(0x0000006d5d100000,0x0000006d5d200000) (1024K)]
=>0x000001b7657a3450 JavaThread "C2 CompilerThread1"         daemon [_thread_in_native, id=11104, stack(0x0000006d5b800000,0x0000006d5b900000) (1024K)]
  0x000001b7657a41f0 JavaThread "C2 CompilerThread2"         daemon [_thread_in_native, id=37300, stack(0x0000006d5cc00000,0x0000006d5cd00000) (1024K)]
  0x000001b7697869c0 JavaThread "ForkJoinPool.commonPool-worker-4" daemon [_thread_in_vm, id=40644, stack(0x0000006d5d200000,0x0000006d5d300000) (1024K)]
  0x000001b769788400 JavaThread "ForkJoinPool.commonPool-worker-5" daemon [_thread_blocked, id=40924, stack(0x0000006d5d300000,0x0000006d5d400000) (1024K)]
  0x000001b769787050 JavaThread "ForkJoinPool.commonPool-worker-6" daemon [_thread_in_vm, id=8892, stack(0x0000006d5d400000,0x0000006d5d500000) (1024K)]
  0x000001b769787d70 JavaThread "ForkJoinPool.commonPool-worker-7" daemon [_thread_blocked, id=40088, stack(0x0000006d5d500000,0x0000006d5d600000) (1024K)]
  0x000001b7697876e0 JavaThread "ForkJoinPool.commonPool-worker-8" daemon [_thread_in_vm, id=6668, stack(0x0000006d5d600000,0x0000006d5d700000) (1024K)]
  0x000001b769784f80 JavaThread "ForkJoinPool.commonPool-worker-9" daemon [_thread_in_vm, id=39220, stack(0x0000006d5d700000,0x0000006d5d800000) (1024K)]
  0x000001b769789120 JavaThread "ForkJoinPool.commonPool-worker-10" daemon [_thread_in_vm, id=27440, stack(0x0000006d5d800000,0x0000006d5d900000) (1024K)]
  0x000001b76978b880 JavaThread "ForkJoinPool.commonPool-worker-11" daemon [_thread_blocked, id=40400, stack(0x0000006d5d900000,0x0000006d5da00000) (1024K)]
  0x000001b76978b1f0 JavaThread "Thread-14"                  daemon [_thread_in_vm, id=37032, stack(0x0000006d5da00000,0x0000006d5db00000) (1024K)]
Total: 55

Other Threads:
  0x000001b7475fe770 VMThread "VM Thread"                           [id=3104, stack(0x0000006d59a00000,0x0000006d59b00000) (1024K)]
  0x000001b75e57ca00 WatcherThread "VM Periodic Task Thread"        [id=39988, stack(0x0000006d59900000,0x0000006d59a00000) (1024K)]
  0x000001b74755f160 WorkerThread "GC Thread#0"                     [id=37336, stack(0x0000006d59800000,0x0000006d59900000) (1024K)]
  0x000001b76526be80 WorkerThread "GC Thread#1"                     [id=30760, stack(0x0000006d5a500000,0x0000006d5a600000) (1024K)]
  0x000001b76526c220 WorkerThread "GC Thread#2"                     [id=28708, stack(0x0000006d5a600000,0x0000006d5a700000) (1024K)]
  0x000001b76515b790 WorkerThread "GC Thread#3"                     [id=3260, stack(0x0000006d5a700000,0x0000006d5a800000) (1024K)]
  0x000001b76515bb30 WorkerThread "GC Thread#4"                     [id=40800, stack(0x0000006d5a800000,0x0000006d5a900000) (1024K)]
  0x000001b7652b8b10 WorkerThread "GC Thread#5"                     [id=40628, stack(0x0000006d5a900000,0x0000006d5aa00000) (1024K)]
  0x000001b7652b8eb0 WorkerThread "GC Thread#6"                     [id=23700, stack(0x0000006d5aa00000,0x0000006d5ab00000) (1024K)]
  0x000001b7653f4ea0 WorkerThread "GC Thread#7"                     [id=7664, stack(0x0000006d5ac00000,0x0000006d5ad00000) (1024K)]
  0x000001b760a98dc0 WorkerThread "GC Thread#8"                     [id=22008, stack(0x0000006d5b000000,0x0000006d5b100000) (1024K)]
  0x000001b7659cd6d0 WorkerThread "GC Thread#9"                     [id=37444, stack(0x0000006d5b100000,0x0000006d5b200000) (1024K)]
Total: 12

Threads with active compile tasks:
C2 CompilerThread0  40163 8060 % !   4       org.eclipse.jdt.internal.compiler.classfmt.ClassFileReader::<init> @ 81 (1968 bytes)
C1 CompilerThread0  40163 8118       3       org.eclipse.jdt.internal.compiler.lookup.ModuleBinding::getAllRequiredModules (122 bytes)
C2 CompilerThread1  40163 7729       4       org.eclipse.jdt.internal.compiler.lookup.BinaryTypeBinding::createMethod (1666 bytes)
C2 CompilerThread2  40163 8140       4       org.lombokweb.asm.ClassReader::readCode (5117 bytes)
Total: 4

VM state: not at safepoint (normal execution)

VM Mutex/Monitor currently owned by a thread:  ([mutex/lock_event])
[0x00007ffad1663458] Metaspace_lock - owner thread: 0x000001b76978b1f0

Heap address: 0x0000000080000000, size: 2048 MB, Compressed Oops mode: 32-bit

CDS archive(s) mapped at: [0x000001b700000000-0x000001b700ba0000-0x000001b700ba0000), size 12189696, SharedBaseAddress: 0x000001b700000000, ArchiveRelocationMode: 1.
Compressed class space mapped at: 0x000001b701000000-0x000001b741000000, reserved size: 1073741824
Narrow klass base: 0x000001b700000000, Narrow klass shift: 0, Narrow klass range: 0x100000000

GC Precious Log:
 CardTable entry size: 512
 CPUs: 12 total, 12 available
 Memory: 7876M
 Large Page Support: Disabled
 NUMA Support: Disabled
 Compressed Oops: Enabled (32-bit)
 Alignments: Space 512K, Generation 512K, Heap 2M
 Heap Min Capacity: 100M
 Heap Initial Capacity: 100M
 Heap Max Capacity: 2G
 Pre-touch: Disabled
 Parallel Workers: 10

Heap:
 PSYoungGen      total 22016K, used 11074K [0x00000000d5580000, 0x00000000d7080000, 0x0000000100000000)
  eden space 18432K, 41% used [0x00000000d5580000,0x00000000d5d0dde8,0x00000000d6780000)
  from space 3584K, 93% used [0x00000000d6d00000,0x00000000d7042d48,0x00000000d7080000)
  to   space 4096K, 0% used [0x00000000d6880000,0x00000000d6880000,0x00000000d6c80000)
 ParOldGen       total 68608K, used 44862K [0x0000000080000000, 0x0000000084300000, 0x00000000d5580000)
  object space 68608K, 65% used [0x0000000080000000,0x0000000082bcf900,0x0000000084300000)
 Metaspace       used 59914K, committed 61248K, reserved 1114112K
  class space    used 6420K, committed 7040K, reserved 1048576K

Card table byte_map: [0x000001b7599e0000,0x000001b759df0000] _byte_map_base: 0x000001b7595e0000

Marking Bits: (ParMarkBitMap*) 0x00007ffad166a340
 Begin Bits: [0x000001b75a0a0000, 0x000001b75c0a0000)
 End Bits:   [0x000001b75c0a0000, 0x000001b75e0a0000)

Polling page: 0x000001b745d40000

Metaspace:

Usage:
  Non-class:     52.24 MB used.
      Class:      6.27 MB used.
       Both:     58.51 MB used.

Virtual space:
  Non-class space:       64.00 MB reserved,      52.94 MB ( 83%) committed,  1 nodes.
      Class space:        1.00 GB reserved,       6.88 MB ( <1%) committed,  1 nodes.
             Both:        1.06 GB reserved,      59.81 MB (  5%) committed. 

Chunk freelists:
   Non-Class:  10.98 MB
       Class:  9.04 MB
        Both:  20.02 MB

MaxMetaspaceSize: unlimited
CompressedClassSpaceSize: 1.00 GB
Initial GC threshold: 21.00 MB
Current GC threshold: 97.31 MB
CDS: on
 - commit_granule_bytes: 65536.
 - commit_granule_words: 8192.
 - virtual_space_node_default_size: 8388608.
 - enlarge_chunks_in_place: 1.
 - use_allocation_guard: 0.


Internal statistics:

num_allocs_failed_limit: 9.
num_arena_births: 992.
num_arena_deaths: 14.
num_vsnodes_births: 2.
num_vsnodes_deaths: 0.
num_space_committed: 957.
num_space_uncommitted: 0.
num_chunks_returned_to_freelist: 23.
num_chunks_taken_from_freelist: 3658.
num_chunk_merges: 14.
num_chunk_splits: 2314.
num_chunks_enlarged: 1408.
num_inconsistent_stats: 0.

CodeHeap 'non-profiled nmethods': size=120000Kb used=4786Kb max_used=4789Kb free=115213Kb
 bounds [0x000001b7522d0000, 0x000001b752790000, 0x000001b759800000]
CodeHeap 'profiled nmethods': size=120000Kb used=16112Kb max_used=16411Kb free=103888Kb
 bounds [0x000001b74a800000, 0x000001b74b810000, 0x000001b751d30000]
CodeHeap 'non-nmethods': size=5760Kb used=1424Kb max_used=1481Kb free=4335Kb
 bounds [0x000001b751d30000, 0x000001b751fa0000, 0x000001b7522d0000]
CodeCache: size=245760Kb, used=22322Kb, max_used=22681Kb, free=223436Kb
 total_blobs=8161, nmethods=7423, adapters=644, full_count=0
Compilation: enabled, stopped_count=0, restarted_count=0

Compilation events (20 events):
Event: 39.109 Thread 0x000001b7606e2bb0 nmethod 8105 0x000001b74b048010 code [0x000001b74b0481c0, 0x000001b74b048310]
Event: 39.109 Thread 0x000001b7606e2bb0 8069       3       org.eclipse.core.resources.ResourcesPlugin::getWorkspace (44 bytes)
Event: 39.109 Thread 0x000001b7606e2bb0 nmethod 8069 0x000001b74b02b990 code [0x000001b74b02bb60, 0x000001b74b02be68]
Event: 39.109 Thread 0x000001b7606e2bb0 8109       3       org.eclipse.jdt.internal.compiler.codegen.CodeStream::generateImplicitConversion (652 bytes)
Event: 39.109 Thread 0x000001b7606e2bb0 nmethod 8109 0x000001b74aff1510 code [0x000001b74aff1940, 0x000001b74aff3e58]
Event: 39.109 Thread 0x000001b7606e2bb0 8110       3       org.eclipse.jdt.core.compiler.CharOperation::toString (16 bytes)
Event: 39.109 Thread 0x000001b7606e2bb0 nmethod 8110 0x000001b74b020510 code [0x000001b74b0206c0, 0x000001b74b020880]
Event: 39.109 Thread 0x000001b7606e2bb0 8112       3       org.eclipse.jdt.internal.compiler.lookup.BinaryModuleBinding::getExports (23 bytes)
Event: 39.110 Thread 0x000001b7606e2bb0 nmethod 8112 0x000001b74b01ff90 code [0x000001b74b020160, 0x000001b74b020440]
Event: 39.110 Thread 0x000001b7606e2bb0 8111       3       org.eclipse.jdt.internal.compiler.lookup.MethodBinding::isStatic (14 bytes)
Event: 39.110 Thread 0x000001b7606e2bb0 nmethod 8111 0x000001b74ac5cc90 code [0x000001b74ac5ce40, 0x000001b74ac5cfb8]
Event: 39.110 Thread 0x000001b7606e2bb0 8089       1       org.eclipse.core.internal.resources.Workspace::getAliasManager (5 bytes)
Event: 39.110 Thread 0x000001b7606e2bb0 nmethod 8089 0x000001b7523fa710 code [0x000001b7523fa8a0, 0x000001b7523fa968]
Event: 39.110 Thread 0x000001b7606e2bb0 8080       1       org.eclipse.jdt.internal.compiler.lookup.ModuleBinding::isAutomatic (5 bytes)
Event: 39.110 Thread 0x000001b7606e2bb0 nmethod 8080 0x000001b7523fa410 code [0x000001b7523fa5a0, 0x000001b7523fa670]
Event: 39.110 Thread 0x000001b7606e2bb0 8072       1       org.eclipse.jdt.internal.core.PackageFragmentRoot::isArchive (2 bytes)
Event: 39.110 Thread 0x000001b7606e2bb0 nmethod 8072 0x000001b7523fa110 code [0x000001b7523fa2a0, 0x000001b7523fa368]
Event: 39.110 Thread 0x000001b7606e2bb0 8113       3       org.eclipse.jdt.internal.compiler.lookup.ArrayBinding::constantPoolName (58 bytes)
Event: 39.110 Thread 0x000001b7606e2bb0 nmethod 8113 0x000001b74ad3d010 code [0x000001b74ad3d1e0, 0x000001b74ad3d5e8]
Event: 39.110 Thread 0x000001b7606e2bb0 8114       3       org.eclipse.jdt.internal.compiler.codegen.StackMapFrame::addStackItem (97 bytes)

GC Heap History (20 events):
Event: 35.502 GC heap before
{Heap before GC invocations=29 (full 2):
 PSYoungGen      total 20480K, used 20056K [0x00000000d5580000, 0x00000000d6b80000, 0x0000000100000000)
  eden space 18432K, 100% used [0x00000000d5580000,0x00000000d6780000,0x00000000d6780000)
  from space 2048K, 79% used [0x00000000d6980000,0x00000000d6b16200,0x00000000d6b80000)
  to   space 2048K, 0% used [0x00000000d6780000,0x00000000d6780000,0x00000000d6980000)
 ParOldGen       total 68608K, used 35760K [0x0000000080000000, 0x0000000084300000, 0x00000000d5580000)
  object space 68608K, 52% used [0x0000000080000000,0x00000000822ec198,0x0000000084300000)
 Metaspace       used 48176K, committed 49280K, reserved 1114112K
  class space    used 5206K, committed 5696K, reserved 1048576K
}
Event: 35.507 GC heap after
{Heap after GC invocations=29 (full 2):
 PSYoungGen      total 20480K, used 2048K [0x00000000d5580000, 0x00000000d7280000, 0x0000000100000000)
  eden space 18432K, 0% used [0x00000000d5580000,0x00000000d5580000,0x00000000d6780000)
  from space 2048K, 100% used [0x00000000d6780000,0x00000000d6980000,0x00000000d6980000)
  to   space 5632K, 0% used [0x00000000d6d00000,0x00000000d6d00000,0x00000000d7280000)
 ParOldGen       total 68608K, used 38376K [0x0000000080000000, 0x0000000084300000, 0x00000000d5580000)
  object space 68608K, 55% used [0x0000000080000000,0x000000008257a398,0x0000000084300000)
 Metaspace       used 48176K, committed 49280K, reserved 1114112K
  class space    used 5206K, committed 5696K, reserved 1048576K
}
Event: 36.135 GC heap before
{Heap before GC invocations=30 (full 2):
 PSYoungGen      total 20480K, used 20480K [0x00000000d5580000, 0x00000000d7280000, 0x0000000100000000)
  eden space 18432K, 100% used [0x00000000d5580000,0x00000000d6780000,0x00000000d6780000)
  from space 2048K, 100% used [0x00000000d6780000,0x00000000d6980000,0x00000000d6980000)
  to   space 5632K, 0% used [0x00000000d6d00000,0x00000000d6d00000,0x00000000d7280000)
 ParOldGen       total 68608K, used 38376K [0x0000000080000000, 0x0000000084300000, 0x00000000d5580000)
  object space 68608K, 55% used [0x0000000080000000,0x000000008257a398,0x0000000084300000)
 Metaspace       used 49956K, committed 51136K, reserved 1114112K
  class space    used 5421K, committed 5952K, reserved 1048576K
}
Event: 36.138 GC heap after
{Heap after GC invocations=30 (full 2):
 PSYoungGen      total 19968K, used 1204K [0x00000000d5580000, 0x00000000d6e80000, 0x0000000100000000)
  eden space 18432K, 0% used [0x00000000d5580000,0x00000000d5580000,0x00000000d6780000)
  from space 1536K, 78% used [0x00000000d6d00000,0x00000000d6e2d3c8,0x00000000d6e80000)
  to   space 2560K, 0% used [0x00000000d6980000,0x00000000d6980000,0x00000000d6c00000)
 ParOldGen       total 68608K, used 40475K [0x0000000080000000, 0x0000000084300000, 0x00000000d5580000)
  object space 68608K, 58% used [0x0000000080000000,0x0000000082786d60,0x0000000084300000)
 Metaspace       used 49956K, committed 51136K, reserved 1114112K
  class space    used 5421K, committed 5952K, reserved 1048576K
}
Event: 36.849 GC heap before
{Heap before GC invocations=31 (full 2):
 PSYoungGen      total 19968K, used 19636K [0x00000000d5580000, 0x00000000d6e80000, 0x0000000100000000)
  eden space 18432K, 100% used [0x00000000d5580000,0x00000000d6780000,0x00000000d6780000)
  from space 1536K, 78% used [0x00000000d6d00000,0x00000000d6e2d3c8,0x00000000d6e80000)
  to   space 2560K, 0% used [0x00000000d6980000,0x00000000d6980000,0x00000000d6c00000)
 ParOldGen       total 68608K, used 40475K [0x0000000080000000, 0x0000000084300000, 0x00000000d5580000)
  object space 68608K, 58% used [0x0000000080000000,0x0000000082786d60,0x0000000084300000)
 Metaspace       used 50876K, committed 52032K, reserved 1114112K
  class space    used 5521K, committed 6016K, reserved 1048576K
}
Event: 36.851 GC heap after
{Heap after GC invocations=31 (full 2):
 PSYoungGen      total 20992K, used 512K [0x00000000d5580000, 0x00000000d6d80000, 0x0000000100000000)
  eden space 18432K, 0% used [0x00000000d5580000,0x00000000d5580000,0x00000000d6780000)
  from space 2560K, 20% used [0x00000000d6980000,0x00000000d6a00010,0x00000000d6c00000)
  to   space 1024K, 0% used [0x00000000d6c80000,0x00000000d6c80000,0x00000000d6d80000)
 ParOldGen       total 68608K, used 41481K [0x0000000080000000, 0x0000000084300000, 0x00000000d5580000)
  object space 68608K, 60% used [0x0000000080000000,0x0000000082882680,0x0000000084300000)
 Metaspace       used 50876K, committed 52032K, reserved 1114112K
  class space    used 5521K, committed 6016K, reserved 1048576K
}
Event: 36.992 GC heap before
{Heap before GC invocations=32 (full 2):
 PSYoungGen      total 20992K, used 18944K [0x00000000d5580000, 0x00000000d6d80000, 0x0000000100000000)
  eden space 18432K, 100% used [0x00000000d5580000,0x00000000d6780000,0x00000000d6780000)
  from space 2560K, 20% used [0x00000000d6980000,0x00000000d6a00010,0x00000000d6c00000)
  to   space 1024K, 0% used [0x00000000d6c80000,0x00000000d6c80000,0x00000000d6d80000)
 ParOldGen       total 68608K, used 41481K [0x0000000080000000, 0x0000000084300000, 0x00000000d5580000)
  object space 68608K, 60% used [0x0000000080000000,0x0000000082882680,0x0000000084300000)
 Metaspace       used 51616K, committed 52864K, reserved 1114112K
  class space    used 5586K, committed 6144K, reserved 1048576K
}
Event: 36.996 GC heap after
{Heap after GC invocations=32 (full 2):
 PSYoungGen      total 19456K, used 1006K [0x00000000d5580000, 0x00000000d6d80000, 0x0000000100000000)
  eden space 18432K, 0% used [0x00000000d5580000,0x00000000d5580000,0x00000000d6780000)
  from space 1024K, 98% used [0x00000000d6c80000,0x00000000d6d7b9d0,0x00000000d6d80000)
  to   space 2560K, 0% used [0x00000000d6880000,0x00000000d6880000,0x00000000d6b00000)
 ParOldGen       total 68608K, used 42333K [0x0000000080000000, 0x0000000084300000, 0x00000000d5580000)
  object space 68608K, 61% used [0x0000000080000000,0x0000000082957680,0x0000000084300000)
 Metaspace       used 51616K, committed 52864K, reserved 1114112K
  class space    used 5586K, committed 6144K, reserved 1048576K
}
Event: 37.067 GC heap before
{Heap before GC invocations=33 (full 2):
 PSYoungGen      total 19456K, used 19435K [0x00000000d5580000, 0x00000000d6d80000, 0x0000000100000000)
  eden space 18432K, 99% used [0x00000000d5580000,0x00000000d677f258,0x00000000d6780000)
  from space 1024K, 98% used [0x00000000d6c80000,0x00000000d6d7b9d0,0x00000000d6d80000)
  to   space 2560K, 0% used [0x00000000d6880000,0x00000000d6880000,0x00000000d6b00000)
 ParOldGen       total 68608K, used 42333K [0x0000000080000000, 0x0000000084300000, 0x00000000d5580000)
  object space 68608K, 61% used [0x0000000080000000,0x0000000082957680,0x0000000084300000)
 Metaspace       used 51637K, committed 52864K, reserved 1114112K
  class space    used 5586K, committed 6144K, reserved 1048576K
}
Event: 37.069 GC heap after
{Heap after GC invocations=33 (full 2):
 PSYoungGen      total 20992K, used 461K [0x00000000d5580000, 0x00000000d6d00000, 0x0000000100000000)
  eden space 18432K, 0% used [0x00000000d5580000,0x00000000d5580000,0x00000000d6780000)
  from space 2560K, 18% used [0x00000000d6880000,0x00000000d68f3718,0x00000000d6b00000)
  to   space 1024K, 0% used [0x00000000d6c00000,0x00000000d6c00000,0x00000000d6d00000)
 ParOldGen       total 68608K, used 43194K [0x0000000080000000, 0x0000000084300000, 0x00000000d5580000)
  object space 68608K, 62% used [0x0000000080000000,0x0000000082a2e8e8,0x0000000084300000)
 Metaspace       used 51637K, committed 52864K, reserved 1114112K
  class space    used 5586K, committed 6144K, reserved 1048576K
}
Event: 37.617 GC heap before
{Heap before GC invocations=34 (full 2):
 PSYoungGen      total 20992K, used 18893K [0x00000000d5580000, 0x00000000d6d00000, 0x0000000100000000)
  eden space 18432K, 100% used [0x00000000d5580000,0x00000000d6780000,0x00000000d6780000)
  from space 2560K, 18% used [0x00000000d6880000,0x00000000d68f3718,0x00000000d6b00000)
  to   space 1024K, 0% used [0x00000000d6c00000,0x00000000d6c00000,0x00000000d6d00000)
 ParOldGen       total 68608K, used 43194K [0x0000000080000000, 0x0000000084300000, 0x00000000d5580000)
  object space 68608K, 62% used [0x0000000080000000,0x0000000082a2e8e8,0x0000000084300000)
 Metaspace       used 53837K, committed 55104K, reserved 1114112K
  class space    used 5769K, committed 6336K, reserved 1048576K
}
Event: 37.618 GC heap after
{Heap after GC invocations=34 (full 2):
 PSYoungGen      total 19456K, used 930K [0x00000000d5580000, 0x00000000d6d00000, 0x0000000100000000)
  eden space 18432K, 0% used [0x00000000d5580000,0x00000000d5580000,0x00000000d6780000)
  from space 1024K, 90% used [0x00000000d6c00000,0x00000000d6ce8bc0,0x00000000d6d00000)
  to   space 1536K, 0% used [0x00000000d6a00000,0x00000000d6a00000,0x00000000d6b80000)
 ParOldGen       total 68608K, used 43362K [0x0000000080000000, 0x0000000084300000, 0x00000000d5580000)
  object space 68608K, 63% used [0x0000000080000000,0x0000000082a588e8,0x0000000084300000)
 Metaspace       used 53837K, committed 55104K, reserved 1114112K
  class space    used 5769K, committed 6336K, reserved 1048576K
}
Event: 38.253 GC heap before
{Heap before GC invocations=35 (full 2):
 PSYoungGen      total 19456K, used 19362K [0x00000000d5580000, 0x00000000d6d00000, 0x0000000100000000)
  eden space 18432K, 100% used [0x00000000d5580000,0x00000000d6780000,0x00000000d6780000)
  from space 1024K, 90% used [0x00000000d6c00000,0x00000000d6ce8bc0,0x00000000d6d00000)
  to   space 1536K, 0% used [0x00000000d6a00000,0x00000000d6a00000,0x00000000d6b80000)
 ParOldGen       total 68608K, used 43362K [0x0000000080000000, 0x0000000084300000, 0x00000000d5580000)
  object space 68608K, 63% used [0x0000000080000000,0x0000000082a588e8,0x0000000084300000)
 Metaspace       used 56148K, committed 57472K, reserved 1114112K
  class space    used 6033K, committed 6656K, reserved 1048576K
}
Event: 38.256 GC heap after
{Heap after GC invocations=35 (full 2):
 PSYoungGen      total 19968K, used 928K [0x00000000d5580000, 0x00000000d6c80000, 0x0000000100000000)
  eden space 18432K, 0% used [0x00000000d5580000,0x00000000d5580000,0x00000000d6780000)
  from space 1536K, 60% used [0x00000000d6a00000,0x00000000d6ae8010,0x00000000d6b80000)
  to   space 1024K, 0% used [0x00000000d6b80000,0x00000000d6b80000,0x00000000d6c80000)
 ParOldGen       total 68608K, used 43769K [0x0000000080000000, 0x0000000084300000, 0x00000000d5580000)
  object space 68608K, 63% used [0x0000000080000000,0x0000000082abe470,0x0000000084300000)
 Metaspace       used 56148K, committed 57472K, reserved 1114112K
  class space    used 6033K, committed 6656K, reserved 1048576K
}
Event: 38.699 GC heap before
{Heap before GC invocations=36 (full 2):
 PSYoungGen      total 19968K, used 19356K [0x00000000d5580000, 0x00000000d6c80000, 0x0000000100000000)
  eden space 18432K, 99% used [0x00000000d5580000,0x00000000d677f358,0x00000000d6780000)
  from space 1536K, 60% used [0x00000000d6a00000,0x00000000d6ae8010,0x00000000d6b80000)
  to   space 1024K, 0% used [0x00000000d6b80000,0x00000000d6b80000,0x00000000d6c80000)
 ParOldGen       total 68608K, used 43769K [0x0000000080000000, 0x0000000084300000, 0x00000000d5580000)
  object space 68608K, 63% used [0x0000000080000000,0x0000000082abe470,0x0000000084300000)
 Metaspace       used 57873K, committed 59200K, reserved 1114112K
  class space    used 6210K, committed 6784K, reserved 1048576K
}
Event: 38.702 GC heap after
{Heap after GC invocations=36 (full 2):
 PSYoungGen      total 19456K, used 1012K [0x00000000d5580000, 0x00000000d6c80000, 0x0000000100000000)
  eden space 18432K, 0% used [0x00000000d5580000,0x00000000d5580000,0x00000000d6780000)
  from space 1024K, 98% used [0x00000000d6b80000,0x00000000d6c7d250,0x00000000d6c80000)
  to   space 2560K, 0% used [0x00000000d6780000,0x00000000d6780000,0x00000000d6a00000)
 ParOldGen       total 68608K, used 45024K [0x0000000080000000, 0x0000000084300000, 0x00000000d5580000)
  object space 68608K, 65% used [0x0000000080000000,0x0000000082bf8080,0x0000000084300000)
 Metaspace       used 57873K, committed 59200K, reserved 1114112K
  class space    used 6210K, committed 6784K, reserved 1048576K
}
Event: 38.769 GC heap before
{Heap before GC invocations=37 (full 2):
 PSYoungGen      total 19456K, used 8750K [0x00000000d5580000, 0x00000000d6c80000, 0x0000000100000000)
  eden space 18432K, 41% used [0x00000000d5580000,0x00000000d5d0e5c0,0x00000000d6780000)
  from space 1024K, 98% used [0x00000000d6b80000,0x00000000d6c7d250,0x00000000d6c80000)
  to   space 2560K, 0% used [0x00000000d6780000,0x00000000d6780000,0x00000000d6a00000)
 ParOldGen       total 68608K, used 45024K [0x0000000080000000, 0x0000000084300000, 0x00000000d5580000)
  object space 68608K, 65% used [0x0000000080000000,0x0000000082bf8080,0x0000000084300000)
 Metaspace       used 58441K, committed 59776K, reserved 1114112K
  class space    used 6261K, committed 6848K, reserved 1048576K
}
Event: 38.773 GC heap after
{Heap after GC invocations=37 (full 2):
 PSYoungGen      total 20992K, used 2538K [0x00000000d5580000, 0x00000000d7280000, 0x0000000100000000)
  eden space 18432K, 0% used [0x00000000d5580000,0x00000000d5580000,0x00000000d6780000)
  from space 2560K, 99% used [0x00000000d6780000,0x00000000d69fa980,0x00000000d6a00000)
  to   space 5632K, 0% used [0x00000000d6d00000,0x00000000d6d00000,0x00000000d7280000)
 ParOldGen       total 68608K, used 47505K [0x0000000080000000, 0x0000000084300000, 0x00000000d5580000)
  object space 68608K, 69% used [0x0000000080000000,0x0000000082e64448,0x0000000084300000)
 Metaspace       used 58441K, committed 59776K, reserved 1114112K
  class space    used 6261K, committed 6848K, reserved 1048576K
}
Event: 38.773 GC heap before
{Heap before GC invocations=38 (full 3):
 PSYoungGen      total 20992K, used 2538K [0x00000000d5580000, 0x00000000d7280000, 0x0000000100000000)
  eden space 18432K, 0% used [0x00000000d5580000,0x00000000d5580000,0x00000000d6780000)
  from space 2560K, 99% used [0x00000000d6780000,0x00000000d69fa980,0x00000000d6a00000)
  to   space 5632K, 0% used [0x00000000d6d00000,0x00000000d6d00000,0x00000000d7280000)
 ParOldGen       total 68608K, used 47505K [0x0000000080000000, 0x0000000084300000, 0x00000000d5580000)
  object space 68608K, 69% used [0x0000000080000000,0x0000000082e64448,0x0000000084300000)
 Metaspace       used 58441K, committed 59776K, reserved 1114112K
  class space    used 6261K, committed 6848K, reserved 1048576K
}
Event: 38.875 GC heap after
{Heap after GC invocations=38 (full 3):
 PSYoungGen      total 20992K, used 0K [0x00000000d5580000, 0x00000000d7280000, 0x0000000100000000)
  eden space 18432K, 0% used [0x00000000d5580000,0x00000000d5580000,0x00000000d6780000)
  from space 2560K, 0% used [0x00000000d6780000,0x00000000d6780000,0x00000000d6a00000)
  to   space 5632K, 0% used [0x00000000d6d00000,0x00000000d6d00000,0x00000000d7280000)
 ParOldGen       total 68608K, used 44854K [0x0000000080000000, 0x0000000084300000, 0x00000000d5580000)
  object space 68608K, 65% used [0x0000000080000000,0x0000000082bcd900,0x0000000084300000)
 Metaspace       used 58441K, committed 59776K, reserved 1114112K
  class space    used 6261K, committed 6848K, reserved 1048576K
}

Dll operation events (11 events):
Event: 0.024 Loaded shared library c:\Users\Jency\.vscode\extensions\redhat.java-1.47.0-win32-x64\jre\21.0.8-win32-x86_64\bin\java.dll
Event: 0.147 Loaded shared library c:\Users\Jency\.vscode\extensions\redhat.java-1.47.0-win32-x64\jre\21.0.8-win32-x86_64\bin\zip.dll
Event: 0.185 Loaded shared library C:\Users\Jency\.vscode\extensions\redhat.java-1.47.0-win32-x64\jre\21.0.8-win32-x86_64\bin\instrument.dll
Event: 0.197 Loaded shared library C:\Users\Jency\.vscode\extensions\redhat.java-1.47.0-win32-x64\jre\21.0.8-win32-x86_64\bin\net.dll
Event: 0.205 Loaded shared library C:\Users\Jency\.vscode\extensions\redhat.java-1.47.0-win32-x64\jre\21.0.8-win32-x86_64\bin\nio.dll
Event: 0.216 Loaded shared library C:\Users\Jency\.vscode\extensions\redhat.java-1.47.0-win32-x64\jre\21.0.8-win32-x86_64\bin\zip.dll
Event: 0.248 Loaded shared library C:\Users\Jency\.vscode\extensions\redhat.java-1.47.0-win32-x64\jre\21.0.8-win32-x86_64\bin\jimage.dll
Event: 0.479 Loaded shared library c:\Users\Jency\.vscode\extensions\redhat.java-1.47.0-win32-x64\jre\21.0.8-win32-x86_64\bin\verify.dll
Event: 12.439 Loaded shared library C:\Users\Jency\AppData\Roaming\Code\User\globalStorage\redhat.java\1.47.0\config_win\org.eclipse.equinox.launcher\org.eclipse.equinox.launcher.win32.win32.x86_64_1.2.1400.v20250801-0854\eclipse_11916.dll
Event: 29.587 Loaded shared library C:\Users\Jency\AppData\Local\Temp\jna-71458345\jna1034470098025156144.dll
Event: 39.056 Loaded shared library C:\Users\Jency\.vscode\extensions\redhat.java-1.47.0-win32-x64\jre\21.0.8-win32-x86_64\bin\sunmscapi.dll

Deoptimization events (20 events):
Event: 38.947 Thread 0x000001b7697876e0 DEOPT UNPACKING pc=0x000001b751d83aa2 sp=0x0000006d5d6fe918 mode 2
Event: 38.955 Thread 0x000001b765c43390 Uncommon trap: trap_request=0xffffff45 fr.pc=0x000001b752478358 relative=0x00000000000000b8
Event: 38.955 Thread 0x000001b765c43390 Uncommon trap: reason=unstable_if action=reinterpret pc=0x000001b752478358 method=com.google.gson.stream.JsonReader.peek()Lcom/google/gson/stream/JsonToken; @ 15 c2
Event: 38.955 Thread 0x000001b765c43390 DEOPT PACKING pc=0x000001b752478358 sp=0x0000006d5cefeaa0
Event: 38.955 Thread 0x000001b765c43390 DEOPT UNPACKING pc=0x000001b751d83aa2 sp=0x0000006d5cefea28 mode 2
Event: 38.957 Thread 0x000001b769784f80 Uncommon trap: trap_request=0xffffff6e fr.pc=0x000001b7523d8b08 relative=0x0000000000000168
Event: 38.957 Thread 0x000001b769784f80 Uncommon trap: reason=loop_limit_check action=maybe_recompile pc=0x000001b7523d8b08 method=java.lang.StringLatin1.lastIndexOf([BII)I @ 19 c2
Event: 38.958 Thread 0x000001b769784f80 DEOPT PACKING pc=0x000001b7523d8b08 sp=0x0000006d5d7fe680
Event: 38.958 Thread 0x000001b769784f80 DEOPT UNPACKING pc=0x000001b751d83aa2 sp=0x0000006d5d7fe5a8 mode 2
Event: 38.981 Thread 0x000001b769784f80 DEOPT PACKING pc=0x000001b74b33e6a0 sp=0x0000006d5d7fe2f0
Event: 38.981 Thread 0x000001b769784f80 DEOPT UNPACKING pc=0x000001b751d84242 sp=0x0000006d5d7fd7f8 mode 3
Event: 38.981 Thread 0x000001b769784f80 Uncommon trap: trap_request=0xffffff45 fr.pc=0x000001b75268be54 relative=0x0000000000000bd4
Event: 38.981 Thread 0x000001b769784f80 Uncommon trap: reason=unstable_if action=reinterpret pc=0x000001b75268be54 method=java.util.concurrent.ConcurrentHashMap.putVal(Ljava/lang/Object;Ljava/lang/Object;Z)Ljava/lang/Object; @ 245 c2
Event: 38.981 Thread 0x000001b769784f80 DEOPT PACKING pc=0x000001b75268be54 sp=0x0000006d5d7fe4f0
Event: 38.981 Thread 0x000001b769784f80 DEOPT UNPACKING pc=0x000001b751d83aa2 sp=0x0000006d5d7fe488 mode 2
Event: 39.076 Thread 0x000001b765c42d00 DEOPT PACKING pc=0x000001b74b72f3d2 sp=0x0000006d5cffce90
Event: 39.076 Thread 0x000001b765c42d00 DEOPT UNPACKING pc=0x000001b751d84242 sp=0x0000006d5cffc2b8 mode 0
Event: 39.101 Thread 0x000001b769787d70 Uncommon trap: trap_request=0xffffff45 fr.pc=0x000001b752524d80 relative=0x0000000000000360
Event: 39.101 Thread 0x000001b769787d70 Uncommon trap: reason=unstable_if action=reinterpret pc=0x000001b752524d80 method=java.io.BufferedOutputStream.implWrite([BII)V @ 5 c2
Event: 39.101 Thread 0x000001b769787d70 DEOPT PACKING pc=0x000001b752524d80 sp=0x0000006d5d5fd810

Classes loaded (20 events):
Event: 39.007 Loading class javax/crypto/spec/SecretKeySpec
Event: 39.008 Loading class javax/crypto/spec/SecretKeySpec done
Event: 39.008 Loading class jdk/internal/access/JavaxCryptoSpecAccess
Event: 39.009 Loading class jdk/internal/access/JavaxCryptoSpecAccess done
Event: 39.009 Loading class javax/crypto/Cipher
Event: 39.014 Loading class javax/crypto/Cipher done
Event: 39.015 Loading class javax/crypto/Cipher$Transform
Event: 39.015 Loading class javax/crypto/Cipher$Transform done
Event: 39.015 Loading class sun/security/jca/ProviderConfig$3
Event: 39.017 Loading class sun/security/jca/ProviderConfig$3 done
Event: 39.017 Loading class sun/security/jca/ProviderConfig$ProviderLoader
Event: 39.017 Loading class sun/security/jca/ProviderConfig$ProviderLoader done
Event: 39.020 Loading class java/util/stream/ReduceOps$1
Event: 39.020 Loading class java/util/stream/ReduceOps$1 done
Event: 39.020 Loading class java/util/stream/ReduceOps$1ReducingSink
Event: 39.020 Loading class java/util/stream/ReduceOps$1ReducingSink done
Event: 39.083 Loading class java/security/InvalidParameterException
Event: 39.083 Loading class java/security/InvalidParameterException done
Event: 39.084 Loading class java/security/ProviderException
Event: 39.084 Loading class java/security/ProviderException done

Classes unloaded (7 events):
Event: 30.230 Thread 0x000001b7475fe770 Unloading class 0x000001b7011a5000 'java/lang/invoke/LambdaForm$MH+0x000001b7011a5000'
Event: 30.230 Thread 0x000001b7475fe770 Unloading class 0x000001b7011a4c00 'java/lang/invoke/LambdaForm$MH+0x000001b7011a4c00'
Event: 30.230 Thread 0x000001b7475fe770 Unloading class 0x000001b7011a4800 'java/lang/invoke/LambdaForm$MH+0x000001b7011a4800'
Event: 30.230 Thread 0x000001b7475fe770 Unloading class 0x000001b7011a4400 'java/lang/invoke/LambdaForm$MH+0x000001b7011a4400'
Event: 30.230 Thread 0x000001b7475fe770 Unloading class 0x000001b7011a4000 'java/lang/invoke/LambdaForm$BMH+0x000001b7011a4000'
Event: 30.230 Thread 0x000001b7475fe770 Unloading class 0x000001b7011a3c00 'java/lang/invoke/LambdaForm$DMH+0x000001b7011a3c00'
Event: 30.230 Thread 0x000001b7475fe770 Unloading class 0x000001b7011a2800 'java/lang/invoke/LambdaForm$DMH+0x000001b7011a2800'

Classes redefined (0 events):
No events

Internal exceptions (20 events):
Event: 38.909 Thread 0x000001b7609a6f30 Exception <a 'sun/nio/fs/WindowsException'{0x00000000d580b1f8}> (0x00000000d580b1f8) 
thrown [s\src\hotspot\share\prims\jni.cpp, line 520]
Event: 38.909 Thread 0x000001b7609a6f30 Exception <a 'sun/nio/fs/WindowsException'{0x00000000d580b828}> (0x00000000d580b828) 
thrown [s\src\hotspot\share\prims\jni.cpp, line 520]
Event: 38.915 Thread 0x000001b7609a6f30 Exception <a 'java/io/FileNotFoundException'{0x00000000d585f058}> (0x00000000d585f058) 
thrown [s\src\hotspot\share\prims\jni.cpp, line 520]
Event: 38.916 Thread 0x000001b7609a6f30 Exception <a 'java/io/FileNotFoundException'{0x00000000d5874938}> (0x00000000d5874938) 
thrown [s\src\hotspot\share\prims\jni.cpp, line 520]
Event: 38.924 Thread 0x000001b7609a6f30 Exception <a 'sun/nio/fs/WindowsException'{0x00000000d5908898}> (0x00000000d5908898) 
thrown [s\src\hotspot\share\prims\jni.cpp, line 520]
Event: 38.925 Thread 0x000001b7609a6f30 Exception <a 'sun/nio/fs/WindowsException'{0x00000000d5908ec8}> (0x00000000d5908ec8) 
thrown [s\src\hotspot\share\prims\jni.cpp, line 520]
Event: 38.926 Thread 0x000001b7609a6f30 Exception <a 'sun/nio/fs/WindowsException'{0x00000000d5909b08}> (0x00000000d5909b08) 
thrown [s\src\hotspot\share\prims\jni.cpp, line 520]
Event: 38.926 Thread 0x000001b7609a6f30 Exception <a 'sun/nio/fs/WindowsException'{0x00000000d590a138}> (0x00000000d590a138) 
thrown [s\src\hotspot\share\prims\jni.cpp, line 520]
Event: 38.950 Thread 0x000001b7609a6f30 Exception <a 'sun/nio/fs/WindowsException'{0x00000000d5a77988}> (0x00000000d5a77988) 
thrown [s\src\hotspot\share\prims\jni.cpp, line 520]
Event: 38.951 Thread 0x000001b7609a6f30 Exception <a 'sun/nio/fs/WindowsException'{0x00000000d5a77fb8}> (0x00000000d5a77fb8) 
thrown [s\src\hotspot\share\prims\jni.cpp, line 520]
Event: 38.967 Thread 0x000001b769784f80 Exception <a 'sun/nio/fs/WindowsException'{0x00000000d5ada7b0}> (0x00000000d5ada7b0) 
thrown [s\src\hotspot\share\prims\jni.cpp, line 520]
Event: 38.967 Thread 0x000001b769784f80 Exception <a 'sun/nio/fs/WindowsException'{0x00000000d5adb090}> (0x00000000d5adb090) 
thrown [s\src\hotspot\share\prims\jni.cpp, line 520]
Event: 38.968 Thread 0x000001b769784f80 Exception <a 'sun/nio/fs/WindowsException'{0x00000000d5adbfa8}> (0x00000000d5adbfa8) 
thrown [s\src\hotspot\share\prims\jni.cpp, line 520]
Event: 38.968 Thread 0x000001b769784f80 Exception <a 'sun/nio/fs/WindowsException'{0x00000000d5adc888}> (0x00000000d5adc888) 
thrown [s\src\hotspot\share\prims\jni.cpp, line 520]
Event: 38.970 Thread 0x000001b769784f80 Exception <a 'sun/nio/fs/WindowsException'{0x00000000d5addea8}> (0x00000000d5addea8) 
thrown [s\src\hotspot\share\prims\jni.cpp, line 520]
Event: 38.970 Thread 0x000001b769784f80 Exception <a 'sun/nio/fs/WindowsException'{0x00000000d5ade9d0}> (0x00000000d5ade9d0) 
thrown [s\src\hotspot\share\prims\jni.cpp, line 520]
Event: 38.971 Thread 0x000001b769784f80 Exception <a 'sun/nio/fs/WindowsException'{0x00000000d5adf8c0}> (0x00000000d5adf8c0) 
thrown [s\src\hotspot\share\prims\jni.cpp, line 520]
Event: 38.971 Thread 0x000001b769784f80 Exception <a 'sun/nio/fs/WindowsException'{0x00000000d5adfef0}> (0x00000000d5adfef0) 
thrown [s\src\hotspot\share\prims\jni.cpp, line 520]
Event: 39.034 Thread 0x000001b7609a8970 Exception <a 'java/lang/NoSuchMethodError'{0x00000000d5d86d70}: 'java.lang.Object java.lang.invoke.DirectMethodHandle$Holder.invokeSpecial(java.lang.Object, java.lang.Object, int, long)'> (0x00000000d5d86d70) 
thrown [s\src\hotspot\share\interpreter\linkResolver.cpp, line 773]
Event: 39.089 Thread 0x000001b7697876e0 Exception <a 'java/lang/ArrayIndexOutOfBoundsException'{0x00000000d615faf8}> (0x00000000d615faf8) 
thrown [s\src\hotspot\share\runtime\sharedRuntime.cpp, line 625]

ZGC Phase Switch (0 events):
No events

VM Operations (20 events):
Event: 37.619 Executing VM operation: ParallelGCFailedAllocation (Allocation Failure) done
Event: 37.664 Executing VM operation: HandshakeAllThreads (Deoptimize)
Event: 37.664 Executing VM operation: HandshakeAllThreads (Deoptimize) done
Event: 37.790 Executing VM operation: HandshakeAllThreads (Deoptimize)
Event: 37.790 Executing VM operation: HandshakeAllThreads (Deoptimize) done
Event: 38.193 Executing VM operation: HandshakeAllThreads (Deoptimize)
Event: 38.193 Executing VM operation: HandshakeAllThreads (Deoptimize) done
Event: 38.253 Executing VM operation: ParallelGCFailedAllocation (Allocation Failure)
Event: 38.257 Executing VM operation: ParallelGCFailedAllocation (Allocation Failure) done
Event: 38.592 Executing VM operation: ICBufferFull
Event: 38.592 Executing VM operation: ICBufferFull done
Event: 38.698 Executing VM operation: ParallelGCFailedAllocation (Allocation Failure)
Event: 38.702 Executing VM operation: ParallelGCFailedAllocation (Allocation Failure) done
Event: 38.769 Executing VM operation: CollectForMetadataAllocation (Metadata GC Threshold)
Event: 38.875 Executing VM operation: CollectForMetadataAllocation (Metadata GC Threshold) done
Event: 38.980 Executing VM operation: HandshakeAllThreads (Deoptimize)
Event: 38.980 Executing VM operation: HandshakeAllThreads (Deoptimize) done
Event: 39.065 Executing VM operation: HandshakeAllThreads (Deoptimize)
Event: 39.081 Executing VM operation: HandshakeAllThreads (Deoptimize) done
Event: 40.082 Executing VM operation: Cleanup

Memory protections (0 events):
No events

Nmethod flushes (20 events):
Event: 38.820 Thread 0x000001b7475fe770 flushing osr nmethod 0x000001b74af73910
Event: 38.820 Thread 0x000001b7475fe770 flushing  nmethod 0x000001b74afd3090
Event: 38.820 Thread 0x000001b7475fe770 flushing  nmethod 0x000001b74afec710
Event: 38.820 Thread 0x000001b7475fe770 flushing  nmethod 0x000001b74aff0310
Event: 38.820 Thread 0x000001b7475fe770 flushing  nmethod 0x000001b74aff3d90
Event: 38.820 Thread 0x000001b7475fe770 flushing  nmethod 0x000001b74affc410
Event: 38.820 Thread 0x000001b7475fe770 flushing  nmethod 0x000001b74b018710
Event: 38.820 Thread 0x000001b7475fe770 flushing  nmethod 0x000001b74b019690
Event: 38.820 Thread 0x000001b7475fe770 flushing  nmethod 0x000001b74b01ee90
Event: 38.820 Thread 0x000001b7475fe770 flushing  nmethod 0x000001b74b01ff90
Event: 38.820 Thread 0x000001b7475fe770 flushing  nmethod 0x000001b74b020410
Event: 38.820 Thread 0x000001b7475fe770 flushing  nmethod 0x000001b74b022110
Event: 38.820 Thread 0x000001b7475fe770 flushing  nmethod 0x000001b74b02b610
Event: 38.820 Thread 0x000001b7475fe770 flushing  nmethod 0x000001b74b048010
Event: 38.820 Thread 0x000001b7475fe770 flushing  nmethod 0x000001b74b053590
Event: 38.820 Thread 0x000001b7475fe770 flushing  nmethod 0x000001b74b057b10
Event: 38.820 Thread 0x000001b7475fe770 flushing  nmethod 0x000001b74b066c90
Event: 38.820 Thread 0x000001b7475fe770 flushing  nmethod 0x000001b74b091790
Event: 38.820 Thread 0x000001b7475fe770 flushing  nmethod 0x000001b74b092710
Event: 38.820 Thread 0x000001b7475fe770 flushing  nmethod 0x000001b74b0a5d10

Events (20 events):
Event: 31.218 Thread 0x000001b745909900 Thread added: 0x000001b765c3eb60
Event: 31.228 Thread 0x000001b7606e2bb0 Thread added: 0x000001b7657a41f0
Event: 31.495 Thread 0x000001b745909900 Thread added: 0x000001b765c42670
Event: 31.496 Thread 0x000001b745909900 Thread added: 0x000001b765c43390
Event: 33.933 Thread 0x000001b7609a8970 Thread added: 0x000001b765c42d00
Event: 33.934 Thread 0x000001b765c42d00 Thread added: 0x000001b765c43a20
Event: 33.934 Thread 0x000001b765c43a20 Thread added: 0x000001b765c440b0
Event: 36.164 Thread 0x000001b7657a41f0 Thread exited: 0x000001b7657a41f0
Event: 36.398 Thread 0x000001b7657a3450 Thread exited: 0x000001b7657a3450
Event: 36.972 Thread 0x000001b7606e2bb0 Thread added: 0x000001b7657a3450
Event: 37.003 Thread 0x000001b7606e2bb0 Thread added: 0x000001b7657a41f0
Event: 38.692 Thread 0x000001b765c43390 Thread added: 0x000001b7697869c0
Event: 38.743 Thread 0x000001b7609a6210 Thread added: 0x000001b769788400
Event: 38.744 Thread 0x000001b769788400 Thread added: 0x000001b769787050
Event: 38.902 Thread 0x000001b765c43390 Thread added: 0x000001b769787d70
Event: 38.905 Thread 0x000001b765c43390 Thread added: 0x000001b7697876e0
Event: 38.907 Thread 0x000001b7697876e0 Thread added: 0x000001b769784f80
Event: 38.909 Thread 0x000001b769784f80 Thread added: 0x000001b769789120
Event: 38.909 Thread 0x000001b769789120 Thread added: 0x000001b76978b880
Event: 38.950 Thread 0x000001b769784f80 Thread added: 0x000001b76978b1f0


Dynamic libraries:
0x00007ff7bd230000 - 0x00007ff7bd23e000 	c:\Users\Jency\.vscode\extensions\redhat.java-1.47.0-win32-x64\jre\21.0.8-win32-x86_64\bin\java.exe
0x00007ffbdb780000 - 0x00007ffbdb9e8000 	C:\WINDOWS\SYSTEM32\ntdll.dll
0x00007ffbd9d80000 - 0x00007ffbd9e49000 	C:\WINDOWS\System32\KERNEL32.DLL
0x00007ffbd8e70000 - 0x00007ffbd9268000 	C:\WINDOWS\System32\KERNELBASE.dll
0x00007ffbd8980000 - 0x00007ffbd8acb000 	C:\WINDOWS\System32\ucrtbase.dll
0x00007ffbccb70000 - 0x00007ffbccb88000 	c:\Users\Jency\.vscode\extensions\redhat.java-1.47.0-win32-x64\jre\21.0.8-win32-x86_64\bin\jli.dll
0x00007ffbbd590000 - 0x00007ffbbd5ae000 	c:\Users\Jency\.vscode\extensions\redhat.java-1.47.0-win32-x64\jre\21.0.8-win32-x86_64\bin\VCRUNTIME140.dll
0x00007ffbdb570000 - 0x00007ffbdb737000 	C:\WINDOWS\System32\USER32.dll
0x00007ffbd8c20000 - 0x00007ffbd8c47000 	C:\WINDOWS\System32\win32u.dll
0x00007ffbd9940000 - 0x00007ffbd996b000 	C:\WINDOWS\System32\GDI32.dll
0x00007ffbb7dd0000 - 0x00007ffbb8064000 	C:\WINDOWS\WinSxS\amd64_microsoft.windows.common-controls_6595b64144ccf1df_6.0.26100.7019_none_3e06ffa0e335b8a8\COMCTL32.dll
0x00007ffbd93f0000 - 0x00007ffbd951c000 	C:\WINDOWS\System32\gdi32full.dll
0x00007ffbd8dc0000 - 0x00007ffbd8e63000 	C:\WINDOWS\System32\msvcp_win.dll
0x00007ffbda810000 - 0x00007ffbda8b9000 	C:\WINDOWS\System32\msvcrt.dll
0x00007ffbdb050000 - 0x00007ffbdb081000 	C:\WINDOWS\System32\IMM32.DLL
0x00007ffbccac0000 - 0x00007ffbccacc000 	c:\Users\Jency\.vscode\extensions\redhat.java-1.47.0-win32-x64\jre\21.0.8-win32-x86_64\bin\vcruntime140_1.dll
0x00007ffb4f500000 - 0x00007ffb4f58d000 	c:\Users\Jency\.vscode\extensions\redhat.java-1.47.0-win32-x64\jre\21.0.8-win32-x86_64\bin\msvcp140.dll
0x00007ffad09b0000 - 0x00007ffad1747000 	c:\Users\Jency\.vscode\extensions\redhat.java-1.47.0-win32-x64\jre\21.0.8-win32-x86_64\bin\server\jvm.dll
0x00007ffbda610000 - 0x00007ffbda6c4000 	C:\WINDOWS\System32\ADVAPI32.dll
0x00007ffbda030000 - 0x00007ffbda0d6000 	C:\WINDOWS\System32\sechost.dll
0x00007ffbdb450000 - 0x00007ffbdb568000 	C:\WINDOWS\System32\RPCRT4.dll
0x00007ffbda0e0000 - 0x00007ffbda154000 	C:\WINDOWS\System32\WS2_32.dll
0x00007ffbcdbe0000 - 0x00007ffbcdbeb000 	C:\WINDOWS\SYSTEM32\VERSION.dll
0x00007ffbcded0000 - 0x00007ffbcdf05000 	C:\WINDOWS\SYSTEM32\WINMM.dll
0x00007ffbd8730000 - 0x00007ffbd878e000 	C:\WINDOWS\SYSTEM32\POWRPROF.dll
0x00007ffbd8710000 - 0x00007ffbd8724000 	C:\WINDOWS\SYSTEM32\UMPDC.dll
0x00007ffbd7690000 - 0x00007ffbd76ab000 	C:\WINDOWS\SYSTEM32\kernel.appcore.dll
0x00007ffbcc7e0000 - 0x00007ffbcc7ea000 	c:\Users\Jency\.vscode\extensions\redhat.java-1.47.0-win32-x64\jre\21.0.8-win32-x86_64\bin\jimage.dll
0x00007ffbd6000000 - 0x00007ffbd6242000 	C:\WINDOWS\SYSTEM32\DBGHELP.DLL
0x00007ffbd95b0000 - 0x00007ffbd993b000 	C:\WINDOWS\System32\combase.dll
0x00007ffbda730000 - 0x00007ffbda807000 	C:\WINDOWS\System32\OLEAUT32.dll
0x00007ffbb7a00000 - 0x00007ffbb7a3c000 	C:\WINDOWS\SYSTEM32\dbgcore.DLL
0x00007ffbd88d0000 - 0x00007ffbd8975000 	C:\WINDOWS\System32\bcryptPrimitives.dll
0x00007ffbc94a0000 - 0x00007ffbc94af000 	c:\Users\Jency\.vscode\extensions\redhat.java-1.47.0-win32-x64\jre\21.0.8-win32-x86_64\bin\instrument.dll
0x00007ffbba390000 - 0x00007ffbba3af000 	c:\Users\Jency\.vscode\extensions\redhat.java-1.47.0-win32-x64\jre\21.0.8-win32-x86_64\bin\java.dll
0x00007ffbda8f0000 - 0x00007ffbdb041000 	C:\WINDOWS\System32\SHELL32.dll
0x00007ffbd8c50000 - 0x00007ffbd8dbb000 	C:\WINDOWS\System32\wintypes.dll
0x00007ffbd64d0000 - 0x00007ffbd6d2d000 	C:\WINDOWS\SYSTEM32\windows.storage.dll
0x00007ffbdb130000 - 0x00007ffbdb222000 	C:\WINDOWS\System32\SHCORE.dll
0x00007ffbdb0b0000 - 0x00007ffbdb117000 	C:\WINDOWS\System32\shlwapi.dll
0x00007ffbd87f0000 - 0x00007ffbd8819000 	C:\WINDOWS\SYSTEM32\profapi.dll
0x00007ffbbb9a0000 - 0x00007ffbbb9b8000 	c:\Users\Jency\.vscode\extensions\redhat.java-1.47.0-win32-x64\jre\21.0.8-win32-x86_64\bin\zip.dll
0x00007ffbc0670000 - 0x00007ffbc0680000 	C:\Users\Jency\.vscode\extensions\redhat.java-1.47.0-win32-x64\jre\21.0.8-win32-x86_64\bin\net.dll
0x00007ffbc8830000 - 0x00007ffbc8958000 	C:\WINDOWS\SYSTEM32\WINHTTP.dll
0x00007ffbd7c00000 - 0x00007ffbd7c6b000 	C:\WINDOWS\system32\mswsock.dll
0x00007ffbb8f20000 - 0x00007ffbb8f36000 	C:\Users\Jency\.vscode\extensions\redhat.java-1.47.0-win32-x64\jre\21.0.8-win32-x86_64\bin\nio.dll
0x00007ffbbe1b0000 - 0x00007ffbbe1c0000 	c:\Users\Jency\.vscode\extensions\redhat.java-1.47.0-win32-x64\jre\21.0.8-win32-x86_64\bin\verify.dll
0x00007ffb86c40000 - 0x00007ffb86c84000 	C:\Users\Jency\AppData\Roaming\Code\User\globalStorage\redhat.java\1.47.0\config_win\org.eclipse.equinox.launcher\org.eclipse.equinox.launcher.win32.win32.x86_64_1.2.1400.v20250801-0854\eclipse_11916.dll
0x00007ffbd99f0000 - 0x00007ffbd9b87000 	C:\WINDOWS\System32\ole32.dll
0x00007ffbd7ec0000 - 0x00007ffbd7edb000 	C:\WINDOWS\SYSTEM32\CRYPTSP.dll
0x00007ffbd75f0000 - 0x00007ffbd762a000 	C:\WINDOWS\system32\rsaenh.dll
0x00007ffbd7cb0000 - 0x00007ffbd7cdb000 	C:\WINDOWS\SYSTEM32\USERENV.dll
0x00007ffbd87c0000 - 0x00007ffbd87ea000 	C:\WINDOWS\SYSTEM32\bcrypt.dll
0x00007ffbd7ee0000 - 0x00007ffbd7eec000 	C:\WINDOWS\SYSTEM32\CRYPTBASE.dll
0x00007ffbd71d0000 - 0x00007ffbd7204000 	C:\WINDOWS\SYSTEM32\IPHLPAPI.DLL
0x00007ffbda600000 - 0x00007ffbda60a000 	C:\WINDOWS\System32\NSI.dll
0x00007ffbc0750000 - 0x00007ffbc0799000 	C:\Users\Jency\AppData\Local\Temp\jna-71458345\jna1034470098025156144.dll
0x00007ffbdb2f0000 - 0x00007ffbdb2f8000 	C:\WINDOWS\System32\PSAPI.DLL
0x00007ffbcfd60000 - 0x00007ffbcfd7e000 	C:\WINDOWS\SYSTEM32\dhcpcsvc6.DLL
0x00007ffbcfd30000 - 0x00007ffbcfd53000 	C:\WINDOWS\SYSTEM32\dhcpcsvc.DLL
0x00007ffbbd300000 - 0x00007ffbbd30e000 	C:\Users\Jency\.vscode\extensions\redhat.java-1.47.0-win32-x64\jre\21.0.8-win32-x86_64\bin\sunmscapi.dll
0x00007ffbd9270000 - 0x00007ffbd93e7000 	C:\WINDOWS\System32\CRYPT32.dll
0x00007ffbd80e0000 - 0x00007ffbd8110000 	C:\WINDOWS\SYSTEM32\ncrypt.dll
0x00007ffbd8090000 - 0x00007ffbd80cf000 	C:\WINDOWS\SYSTEM32\NTASN1.dll

JVMTI agents:
c:\Users\Jency\.vscode\extensions\redhat.java-1.47.0-win32-x64\lombok\lombok-1.18.39-4050.jar path:c:\Users\Jency\.vscode\extensions\redhat.java-1.47.0-win32-x64\jre\21.0.8-win32-x86_64\bin\instrument.dll, loaded, initialized, instrumentlib options:none

dbghelp: loaded successfully - version: 4.0.5 - missing functions: none
symbol engine: initialized successfully - sym options: 0x614 - pdb path: .;c:\Users\Jency\.vscode\extensions\redhat.java-1.47.0-win32-x64\jre\21.0.8-win32-x86_64\bin;C:\WINDOWS\SYSTEM32;C:\WINDOWS\WinSxS\amd64_microsoft.windows.common-controls_6595b64144ccf1df_6.0.26100.7019_none_3e06ffa0e335b8a8;c:\Users\Jency\.vscode\extensions\redhat.java-1.47.0-win32-x64\jre\21.0.8-win32-x86_64\bin\server;C:\Users\Jency\AppData\Roaming\Code\User\globalStorage\redhat.java\1.47.0\config_win\org.eclipse.equinox.launcher\org.eclipse.equinox.launcher.win32.win32.x86_64_1.2.1400.v20250801-0854;C:\Users\Jency\AppData\Local\Temp\jna-71458345

VM Arguments:
jvm_args: --add-modules=ALL-SYSTEM --add-opens=java.base/java.util=ALL-UNNAMED --add-opens=java.base/java.lang=ALL-UNNAMED --add-opens=java.base/sun.nio.fs=ALL-UNNAMED -Declipse.application=org.eclipse.jdt.ls.core.id1 -Dosgi.bundles.defaultStartLevel=4 -Declipse.product=org.eclipse.jdt.ls.core.product -Djava.import.generatesMetadataFilesAtProjectRoot=false -DDetectVMInstallationsJob.disabled=true -Dfile.encoding=utf8 -XX:+UseParallelGC -XX:GCTimeRatio=4 -XX:AdaptiveSizePolicyWeight=90 -Dsun.zip.disableMemoryMapping=true -Xmx2G -Xms100m -Xlog:disable -javaagent:c:\Users\Jency\.vscode\extensions\redhat.java-1.47.0-win32-x64\lombok\lombok-1.18.39-4050.jar -XX:+HeapDumpOnOutOfMemoryError -XX:HeapDumpPath=c:\Users\Jency\AppData\Roaming\Code\User\workspaceStorage\8c1a94fcaf802a516f87ac2ad1aebeee\redhat.java -Daether.dependencyCollector.impl=bf 
java_command: c:\Users\Jency\.vscode\extensions\redhat.java-1.47.0-win32-x64\server\plugins\org.eclipse.equinox.launcher_1.7.100.v20251014-1222.jar -configuration c:\Users\Jency\AppData\Roaming\Code\User\globalStorage\redhat.java\1.47.0\config_win -data c:\Users\Jency\AppData\Roaming\Code\User\workspaceStorage\8c1a94fcaf802a516f87ac2ad1aebeee\redhat.java\jdt_ws --pipe=\\.\pipe\lsp-11a1d9bdc3ac9745750fba41e74701b8-sock
java_class_path (initial): c:\Users\Jency\.vscode\extensions\redhat.java-1.47.0-win32-x64\server\plugins\org.eclipse.equinox.launcher_1.7.100.v20251014-1222.jar
Launcher Type: SUN_STANDARD

[Global flags]
    uintx AdaptiveSizePolicyWeight                 = 90                                        {product} {command line}
     intx CICompilerCount                          = 4                                         {product} {ergonomic}
    uintx GCTimeRatio                              = 4                                         {product} {command line}
     bool HeapDumpOnOutOfMemoryError               = true                                   {manageable} {command line}
    ccstr HeapDumpPath                             = c:\Users\Jency\AppData\Roaming\Code\User\workspaceStorage\8c1a94fcaf802a516f87ac2ad1aebeee\redhat.java         {manageable} {command line}
   size_t InitialHeapSize                          = 104857600                                 {product} {command line}
   size_t MaxHeapSize                              = 2147483648                                {product} {command line}
   size_t MaxNewSize                               = 715653120                                 {product} {ergonomic}
   size_t MinHeapDeltaBytes                        = 524288                                    {product} {ergonomic}
   size_t MinHeapSize                              = 104857600                                 {product} {command line}
   size_t NewSize                                  = 34603008                                  {product} {ergonomic}
    uintx NonNMethodCodeHeapSize                   = 5839372                                {pd product} {ergonomic}
    uintx NonProfiledCodeHeapSize                  = 122909434                              {pd product} {ergonomic}
   size_t OldSize                                  = 70254592                                  {product} {ergonomic}
    uintx ProfiledCodeHeapSize                     = 122909434                              {pd product} {ergonomic}
    uintx ReservedCodeCacheSize                    = 251658240                              {pd product} {ergonomic}
     bool SegmentedCodeCache                       = true                                      {product} {ergonomic}
   size_t SoftMaxHeapSize                          = 2147483648                             {manageable} {ergonomic}
     bool UseCompressedOops                        = true                           {product lp64_product} {ergonomic}
     bool UseLargePagesIndividualAllocation        = false                                  {pd product} {ergonomic}
     bool UseParallelGC                            = true                                      {product} {command line}

Logging:
Log output configuration:
 #0: stdout all=off uptime,level,tags foldmultilines=false
 #1: stderr all=off uptime,level,tags foldmultilines=false

Environment Variables:
JAVA_HOME=C:\Program Files\Java\jdk-22
PATH=C:\app\Jency\product\21c\dbhomeXE\bin;C:\Program Files\Common Files\Oracle\Java\javapath;C:\WINDOWS\system32;C:\WINDOWS;C:\WINDOWS\System32\Wbem;C:\WINDOWS\System32\WindowsPowerShell\v1.0\;C:\WINDOWS\System32\OpenSSH\;C:\Program Files\MATLAB\R2023b\bin;C:\Program Files\PuTTY\;C:\Program Files\Java\jdk-22\bin;C:\Program Files\Git\cmd;C:\Users\Jency\AppData\Local\Programs\Eclipse Adoptium\jdk-21.0.4.7-hotspot\bin;C:\Program Files\Common Files\Oracle\Java\javapath;C:\windows\system32;C:\windows;C:\windows\System32\Wbem;C:\windows\System32\WindowsPowerShell\v1.0\;C:\windows\System32\OpenSSH\;C:\Program Files\MATLAB\R2023b\bin;C:\Program Files\PuTTY\;C:\Users\Jency\AppData\Local\Programs\Python\Python312\Scripts\;C:\Users\Jency\AppData\Local\Programs\Python\Python312\;C:\Users\Jency\AppData\Local\Programs\Python\Python311\Scripts\;C:\Users\Jency\AppData\Local\Programs\Python\Python311\;C:\Users\Jency\AppData\Local\Microsoft\WindowsApps;C:\Users\Jency\AppData\Local\Programs\Microsoft VS Code\bin;C:\Users\Jency\AppData\Local\Microsoft\WindowsApps;C:\Users\Jency\AppData\Local\Programs\cursor\resources\app\bin
USERNAME=Jency
OS=Windows_NT
PROCESSOR_IDENTIFIER=Intel64 Family 6 Model 154 Stepping 4, GenuineIntel
TMP=C:\Users\Jency\AppData\Local\Temp
TEMP=C:\Users\Jency\AppData\Local\Temp




Periodic native trim disabled

---------------  S Y S T E M  ---------------

OS:
 Windows 11 , 64 bit Build 26100 (10.0.26100.7019)
OS uptime: 1 days 13:55 hours
Hyper-V role detected

CPU: total 12 (initial active 12) (6 cores per cpu, 2 threads per core) family 6 model 154 stepping 4 microcode 0x435, cx8, cmov, fxsr, ht, mmx, 3dnowpref, sse, sse2, sse3, ssse3, sse4.1, sse4.2, popcnt, lzcnt, tsc, tscinvbit, avx, avx2, aes, erms, clmul, bmi1, bmi2, adx, sha, fma, vzeroupper, clflush, clflushopt, clwb, hv, serialize, rdtscp, rdpid, fsrm, f16c, cet_ibt, cet_ss
Processor Information for processor 0
  Max Mhz: 1300, Current Mhz: 1300, Mhz Limit: 1300
Processor Information for processor 1
  Max Mhz: 1300, Current Mhz: 1300, Mhz Limit: 1300
Processor Information for processor 2
  Max Mhz: 1300, Current Mhz: 1300, Mhz Limit: 1300
Processor Information for processor 3
  Max Mhz: 1300, Current Mhz: 1300, Mhz Limit: 1300
Processor Information for processor 4
  Max Mhz: 1300, Current Mhz: 900, Mhz Limit: 897
Processor Information for processor 5
  Max Mhz: 1300, Current Mhz: 900, Mhz Limit: 897
Processor Information for processor 6
  Max Mhz: 1300, Current Mhz: 900, Mhz Limit: 897
Processor Information for processor 7
  Max Mhz: 1300, Current Mhz: 900, Mhz Limit: 897
Processor Information for processor 8
  Max Mhz: 1300, Current Mhz: 900, Mhz Limit: 897
Processor Information for processor 9
  Max Mhz: 1300, Current Mhz: 900, Mhz Limit: 897
Processor Information for processor 10
  Max Mhz: 1300, Current Mhz: 900, Mhz Limit: 897
Processor Information for processor 11
  Max Mhz: 1300, Current Mhz: 900, Mhz Limit: 897

Memory: 4k page, system-wide physical 7876M (698M free)
TotalPageFile size 32452M (AvailPageFile size 33M)
current process WorkingSet (physical memory assigned to process): 279M, peak: 282M
current process commit charge ("private bytes"): 388M, peak: 391M

vm_info: OpenJDK 64-Bit Server VM (21.0.8+9-LTS) for windows-amd64 JRE (21.0.8+9-LTS), built on 2025-07-15T00:00:00Z by "admin" with MS VC++ 17.7 (VS2022)

END.
